16
8
4l
l 90000
l 180000
s 0
l 0
l 180000
s 270000
l 90001
l 180001
s 1
l 1
l 180001
s 270001
l 90002
l 180002
s 2
l 2
l 180002
s 270002
l 90003
l 180003
s 3
l 3
l 180003
s 270003
l 90004
l 180004
s 4
l 4
l 180004
s 270004
l 90005
l 180005
s 5
l 5
l 180005
s 270005
l 90006
l 180006
s 6
l 6
l 180006
s 270006
l 90007
l 180007
s 7
l 7
l 180007
s 270007
l 90008
l 180008
s 8
l 8
l 180008
s 270008
l 90009
l 180009
s 9
l 9
l 180009
s 270009
l 90010
l 180010
s 10
l 10
l 180010
s 270010
l 90011
l 180011
s 11
l 11
l 180011
s 270011
l 90012
l 180012
s 12
l 12
l 180012
s 270012
l 90013
l 180013
s 13
l 13
l 180013
s 270013
l 90014
l 180014
s 14
l 14
l 180014
s 270014
l 90015
l 180015
s 15
l 15
l 180015
s 270015
l 90016
l 180016
s 16
l 16
l 180016
s 270016
l 90017
l 180017
s 17
l 17
l 180017
s 270017
l 90018
l 180018
s 18
l 18
l 180018
s 270018
l 90019
l 180019
s 19
l 19
l 180019
s 270019
l 90020
l 180020
s 20
l 20
l 180020
s 270020
l 90021
l 180021
s 21
l 21
l 180021
s 270021
l 90022
l 180022
s 22
l 22
l 180022
s 270022
l 90023
l 180023
s 23
l 23
l 180023
s 270023
l 90024
l 180024
s 24
l 24
l 180024
s 270024
l 90025
l 180025
s 25
l 25
l 180025
s 270025
l 90026
l 180026
s 26
l 26
l 180026
s 270026
l 90027
l 180027
s 27
l 27
l 180027
s 270027
l 90028
l 180028
s 28
l 28
l 180028
s 270028
l 90029
l 180029
s 29
l 29
l 180029
s 270029
l 90030
l 180030
s 30
l 30
l 180030
s 270030
l 90031
l 180031
s 31
l 31
l 180031
s 270031
l 90032
l 180032
s 32
l 32
l 180032
s 270032
l 90033
l 180033
s 33
l 33
l 180033
s 270033
l 90034
l 180034
s 34
l 34
l 180034
s 270034
l 90035
l 180035
s 35
l 35
l 180035
s 270035
l 90036
l 180036
s 36
l 36
l 180036
s 270036
l 90037
l 180037
s 37
l 37
l 180037
s 270037
l 90038
l 180038
s 38
l 38
l 180038
s 270038
l 90039
l 180039
s 39
l 39
l 180039
s 270039
l 90040
l 180040
s 40
l 40
l 180040
s 270040
l 90041
l 180041
s 41
l 41
l 180041
s 270041
l 90042
l 180042
s 42
l 42
l 180042
s 270042
l 90043
l 180043
s 43
l 43
l 180043
s 270043
l 90044
l 180044
s 44
l 44
l 180044
s 270044
l 90045
l 180045
s 45
l 45
l 180045
s 270045
l 90046
l 180046
s 46
l 46
l 180046
s 270046
l 90047
l 180047
s 47
l 47
l 180047
s 270047
l 90048
l 180048
s 48
l 48
l 180048
s 270048
l 90049
l 180049
s 49
l 49
l 180049
s 270049
l 90050
l 180050
s 50
l 50
l 180050
s 270050
l 90051
l 180051
s 51
l 51
l 180051
s 270051
l 90052
l 180052
s 52
l 52
l 180052
s 270052
l 90053
l 180053
s 53
l 53
l 180053
s 270053
l 90054
l 180054
s 54
l 54
l 180054
s 270054
l 90055
l 180055
s 55
l 55
l 180055
s 270055
l 90056
l 180056
s 56
l 56
l 180056
s 270056
l 90057
l 180057
s 57
l 57
l 180057
s 270057
l 90058
l 180058
s 58
l 58
l 180058
s 270058
l 90059
l 180059
s 59
l 59
l 180059
s 270059
l 90060
l 180060
s 60
l 60
l 180060
s 270060
l 90061
l 180061
s 61
l 61
l 180061
s 270061
l 90062
l 180062
s 62
l 62
l 180062
s 270062
l 90063
l 180063
s 63
l 63
l 180063
s 270063
l 90064
l 180064
s 64
l 64
l 180064
s 270064
l 90065
l 180065
s 65
l 65
l 180065
s 270065
l 90066
l 180066
s 66
l 66
l 180066
s 270066
l 90067
l 180067
s 67
l 67
l 180067
s 270067
l 90068
l 180068
s 68
l 68
l 180068
s 270068
l 90069
l 180069
s 69
l 69
l 180069
s 270069
l 90070
l 180070
s 70
l 70
l 180070
s 270070
l 90071
l 180071
s 71
l 71
l 180071
s 270071
l 90072
l 180072
s 72
l 72
l 180072
s 270072
l 90073
l 180073
s 73
l 73
l 180073
s 270073
l 90074
l 180074
s 74
l 74
l 180074
s 270074
l 90075
l 180075
s 75
l 75
l 180075
s 270075
l 90076
l 180076
s 76
l 76
l 180076
s 270076
l 90077
l 180077
s 77
l 77
l 180077
s 270077
l 90078
l 180078
s 78
l 78
l 180078
s 270078
l 90079
l 180079
s 79
l 79
l 180079
s 270079
l 90080
l 180080
s 80
l 80
l 180080
s 270080
l 90081
l 180081
s 81
l 81
l 180081
s 270081
l 90082
l 180082
s 82
l 82
l 180082
s 270082
l 90083
l 180083
s 83
l 83
l 180083
s 270083
l 90084
l 180084
s 84
l 84
l 180084
s 270084
l 90085
l 180085
s 85
l 85
l 180085
s 270085
l 90086
l 180086
s 86
l 86
l 180086
s 270086
l 90087
l 180087
s 87
l 87
l 180087
s 270087
l 90088
l 180088
s 88
l 88
l 180088
s 270088
l 90089
l 180089
s 89
l 89
l 180089
s 270089
l 90090
l 180090
s 90
l 90
l 180090
s 270090
l 90091
l 180091
s 91
l 91
l 180091
s 270091
l 90092
l 180092
s 92
l 92
l 180092
s 270092
l 90093
l 180093
s 93
l 93
l 180093
s 270093
l 90094
l 180094
s 94
l 94
l 180094
s 270094
l 90095
l 180095
s 95
l 95
l 180095
s 270095
l 90096
l 180096
s 96
l 96
l 180096
s 270096
l 90097
l 180097
s 97
l 97
l 180097
s 270097
l 90098
l 180098
s 98
l 98
l 180098
s 270098
l 90099
l 180099
s 99
l 99
l 180099
s 270099
l 90100
l 180100
s 100
l 100
l 180100
s 270100
l 90101
l 180101
s 101
l 101
l 180101
s 270101
l 90102
l 180102
s 102
l 102
l 180102
s 270102
l 90103
l 180103
s 103
l 103
l 180103
s 270103
l 90104
l 180104
s 104
l 104
l 180104
s 270104
l 90105
l 180105
s 105
l 105
l 180105
s 270105
l 90106
l 180106
s 106
l 106
l 180106
s 270106
l 90107
l 180107
s 107
l 107
l 180107
s 270107
l 90108
l 180108
s 108
l 108
l 180108
s 270108
l 90109
l 180109
s 109
l 109
l 180109
s 270109
l 90110
l 180110
s 110
l 110
l 180110
s 270110
l 90111
l 180111
s 111
l 111
l 180111
s 270111
l 90112
l 180112
s 112
l 112
l 180112
s 270112
l 90113
l 180113
s 113
l 113
l 180113
s 270113
l 90114
l 180114
s 114
l 114
l 180114
s 270114
l 90115
l 180115
s 115
l 115
l 180115
s 270115
l 90116
l 180116
s 116
l 116
l 180116
s 270116
l 90117
l 180117
s 117
l 117
l 180117
s 270117
l 90118
l 180118
s 118
l 118
l 180118
s 270118
l 90119
l 180119
s 119
l 119
l 180119
s 270119
l 90120
l 180120
s 120
l 120
l 180120
s 270120
l 90121
l 180121
s 121
l 121
l 180121
s 270121
l 90122
l 180122
s 122
l 122
l 180122
s 270122
l 90123
l 180123
s 123
l 123
l 180123
s 270123
l 90124
l 180124
s 124
l 124
l 180124
s 270124
l 90125
l 180125
s 125
l 125
l 180125
s 270125
l 90126
l 180126
s 126
l 126
l 180126
s 270126
l 90127
l 180127
s 127
l 127
l 180127
s 270127
l 90128
l 180128
s 128
l 128
l 180128
s 270128
l 90129
l 180129
s 129
l 129
l 180129
s 270129
l 90130
l 180130
s 130
l 130
l 180130
s 270130
l 90131
l 180131
s 131
l 131
l 180131
s 270131
l 90132
l 180132
s 132
l 132
l 180132
s 270132
l 90133
l 180133
s 133
l 133
l 180133
s 270133
l 90134
l 180134
s 134
l 134
l 180134
s 270134
l 90135
l 180135
s 135
l 135
l 180135
s 270135
l 90136
l 180136
s 136
l 136
l 180136
s 270136
l 90137
l 180137
s 137
l 137
l 180137
s 270137
l 90138
l 180138
s 138
l 138
l 180138
s 270138
l 90139
l 180139
s 139
l 139
l 180139
s 270139
l 90140
l 180140
s 140
l 140
l 180140
s 270140
l 90141
l 180141
s 141
l 141
l 180141
s 270141
l 90142
l 180142
s 142
l 142
l 180142
s 270142
l 90143
l 180143
s 143
l 143
l 180143
s 270143
l 90144
l 180144
s 144
l 144
l 180144
s 270144
l 90145
l 180145
s 145
l 145
l 180145
s 270145
l 90146
l 180146
s 146
l 146
l 180146
s 270146
l 90147
l 180147
s 147
l 147
l 180147
s 270147
l 90148
l 180148
s 148
l 148
l 180148
s 270148
l 90149
l 180149
s 149
l 149
l 180149
s 270149
l 90150
l 180150
s 150
l 150
l 180150
s 270150
l 90151
l 180151
s 151
l 151
l 180151
s 270151
l 90152
l 180152
s 152
l 152
l 180152
s 270152
l 90153
l 180153
s 153
l 153
l 180153
s 270153
l 90154
l 180154
s 154
l 154
l 180154
s 270154
l 90155
l 180155
s 155
l 155
l 180155
s 270155
l 90156
l 180156
s 156
l 156
l 180156
s 270156
l 90157
l 180157
s 157
l 157
l 180157
s 270157
l 90158
l 180158
s 158
l 158
l 180158
s 270158
l 90159
l 180159
s 159
l 159
l 180159
s 270159
l 90160
l 180160
s 160
l 160
l 180160
s 270160
l 90161
l 180161
s 161
l 161
l 180161
s 270161
l 90162
l 180162
s 162
l 162
l 180162
s 270162
l 90163
l 180163
s 163
l 163
l 180163
s 270163
l 90164
l 180164
s 164
l 164
l 180164
s 270164
l 90165
l 180165
s 165
l 165
l 180165
s 270165
l 90166
l 180166
s 166
l 166
l 180166
s 270166
l 90167
l 180167
s 167
l 167
l 180167
s 270167
l 90168
l 180168
s 168
l 168
l 180168
s 270168
l 90169
l 180169
s 169
l 169
l 180169
s 270169
l 90170
l 180170
s 170
l 170
l 180170
s 270170
l 90171
l 180171
s 171
l 171
l 180171
s 270171
l 90172
l 180172
s 172
l 172
l 180172
s 270172
l 90173
l 180173
s 173
l 173
l 180173
s 270173
l 90174
l 180174
s 174
l 174
l 180174
s 270174
l 90175
l 180175
s 175
l 175
l 180175
s 270175
l 90176
l 180176
s 176
l 176
l 180176
s 270176
l 90177
l 180177
s 177
l 177
l 180177
s 270177
l 90178
l 180178
s 178
l 178
l 180178
s 270178
l 90179
l 180179
s 179
l 179
l 180179
s 270179
l 90180
l 180180
s 180
l 180
l 180180
s 270180
l 90181
l 180181
s 181
l 181
l 180181
s 270181
l 90182
l 180182
s 182
l 182
l 180182
s 270182
l 90183
l 180183
s 183
l 183
l 180183
s 270183
l 90184
l 180184
s 184
l 184
l 180184
s 270184
l 90185
l 180185
s 185
l 185
l 180185
s 270185
l 90186
l 180186
s 186
l 186
l 180186
s 270186
l 90187
l 180187
s 187
l 187
l 180187
s 270187
l 90188
l 180188
s 188
l 188
l 180188
s 270188
l 90189
l 180189
s 189
l 189
l 180189
s 270189
l 90190
l 180190
s 190
l 190
l 180190
s 270190
l 90191
l 180191
s 191
l 191
l 180191
s 270191
l 90192
l 180192
s 192
l 192
l 180192
s 270192
l 90193
l 180193
s 193
l 193
l 180193
s 270193
l 90194
l 180194
s 194
l 194
l 180194
s 270194
l 90195
l 180195
s 195
l 195
l 180195
s 270195
l 90196
l 180196
s 196
l 196
l 180196
s 270196
l 90197
l 180197
s 197
l 197
l 180197
s 270197
l 90198
l 180198
s 198
l 198
l 180198
s 270198
l 90199
l 180199
s 199
l 199
l 180199
s 270199
l 90200
l 180200
s 200
l 200
l 180200
s 270200
l 90201
l 180201
s 201
l 201
l 180201
s 270201
l 90202
l 180202
s 202
l 202
l 180202
s 270202
l 90203
l 180203
s 203
l 203
l 180203
s 270203
l 90204
l 180204
s 204
l 204
l 180204
s 270204
l 90205
l 180205
s 205
l 205
l 180205
s 270205
l 90206
l 180206
s 206
l 206
l 180206
s 270206
l 90207
l 180207
s 207
l 207
l 180207
s 270207
l 90208
l 180208
s 208
l 208
l 180208
s 270208
l 90209
l 180209
s 209
l 209
l 180209
s 270209
l 90210
l 180210
s 210
l 210
l 180210
s 270210
l 90211
l 180211
s 211
l 211
l 180211
s 270211
l 90212
l 180212
s 212
l 212
l 180212
s 270212
l 90213
l 180213
s 213
l 213
l 180213
s 270213
l 90214
l 180214
s 214
l 214
l 180214
s 270214
l 90215
l 180215
s 215
l 215
l 180215
s 270215
l 90216
l 180216
s 216
l 216
l 180216
s 270216
l 90217
l 180217
s 217
l 217
l 180217
s 270217
l 90218
l 180218
s 218
l 218
l 180218
s 270218
l 90219
l 180219
s 219
l 219
l 180219
s 270219
l 90220
l 180220
s 220
l 220
l 180220
s 270220
l 90221
l 180221
s 221
l 221
l 180221
s 270221
l 90222
l 180222
s 222
l 222
l 180222
s 270222
l 90223
l 180223
s 223
l 223
l 180223
s 270223
l 90224
l 180224
s 224
l 224
l 180224
s 270224
l 90225
l 180225
s 225
l 225
l 180225
s 270225
l 90226
l 180226
s 226
l 226
l 180226
s 270226
l 90227
l 180227
s 227
l 227
l 180227
s 270227
l 90228
l 180228
s 228
l 228
l 180228
s 270228
l 90229
l 180229
s 229
l 229
l 180229
s 270229
l 90230
l 180230
s 230
l 230
l 180230
s 270230
l 90231
l 180231
s 231
l 231
l 180231
s 270231
l 90232
l 180232
s 232
l 232
l 180232
s 270232
l 90233
l 180233
s 233
l 233
l 180233
s 270233
l 90234
l 180234
s 234
l 234
l 180234
s 270234
l 90235
l 180235
s 235
l 235
l 180235
s 270235
l 90236
l 180236
s 236
l 236
l 180236
s 270236
l 90237
l 180237
s 237
l 237
l 180237
s 270237
l 90238
l 180238
s 238
l 238
l 180238
s 270238
l 90239
l 180239
s 239
l 239
l 180239
s 270239
l 90240
l 180240
s 240
l 240
l 180240
s 270240
l 90241
l 180241
s 241
l 241
l 180241
s 270241
l 90242
l 180242
s 242
l 242
l 180242
s 270242
l 90243
l 180243
s 243
l 243
l 180243
s 270243
l 90244
l 180244
s 244
l 244
l 180244
s 270244
l 90245
l 180245
s 245
l 245
l 180245
s 270245
l 90246
l 180246
s 246
l 246
l 180246
s 270246
l 90247
l 180247
s 247
l 247
l 180247
s 270247
l 90248
l 180248
s 248
l 248
l 180248
s 270248
l 90249
l 180249
s 249
l 249
l 180249
s 270249
l 90250
l 180250
s 250
l 250
l 180250
s 270250
l 90251
l 180251
s 251
l 251
l 180251
s 270251
l 90252
l 180252
s 252
l 252
l 180252
s 270252
l 90253
l 180253
s 253
l 253
l 180253
s 270253
l 90254
l 180254
s 254
l 254
l 180254
s 270254
l 90255
l 180255
s 255
l 255
l 180255
s 270255
l 90256
l 180256
s 256
l 256
l 180256
s 270256
l 90257
l 180257
s 257
l 257
l 180257
s 270257
l 90258
l 180258
s 258
l 258
l 180258
s 270258
l 90259
l 180259
s 259
l 259
l 180259
s 270259
l 90260
l 180260
s 260
l 260
l 180260
s 270260
l 90261
l 180261
s 261
l 261
l 180261
s 270261
l 90262
l 180262
s 262
l 262
l 180262
s 270262
l 90263
l 180263
s 263
l 263
l 180263
s 270263
l 90264
l 180264
s 264
l 264
l 180264
s 270264
l 90265
l 180265
s 265
l 265
l 180265
s 270265
l 90266
l 180266
s 266
l 266
l 180266
s 270266
l 90267
l 180267
s 267
l 267
l 180267
s 270267
l 90268
l 180268
s 268
l 268
l 180268
s 270268
l 90269
l 180269
s 269
l 269
l 180269
s 270269
l 90270
l 180270
s 270
l 270
l 180270
s 270270
l 90271
l 180271
s 271
l 271
l 180271
s 270271
l 90272
l 180272
s 272
l 272
l 180272
s 270272
l 90273
l 180273
s 273
l 273
l 180273
s 270273
l 90274
l 180274
s 274
l 274
l 180274
s 270274
l 90275
l 180275
s 275
l 275
l 180275
s 270275
l 90276
l 180276
s 276
l 276
l 180276
s 270276
l 90277
l 180277
s 277
l 277
l 180277
s 270277
l 90278
l 180278
s 278
l 278
l 180278
s 270278
l 90279
l 180279
s 279
l 279
l 180279
s 270279
l 90280
l 180280
s 280
l 280
l 180280
s 270280
l 90281
l 180281
s 281
l 281
l 180281
s 270281
l 90282
l 180282
s 282
l 282
l 180282
s 270282
l 90283
l 180283
s 283
l 283
l 180283
s 270283
l 90284
l 180284
s 284
l 284
l 180284
s 270284
l 90285
l 180285
s 285
l 285
l 180285
s 270285
l 90286
l 180286
s 286
l 286
l 180286
s 270286
l 90287
l 180287
s 287
l 287
l 180287
s 270287
l 90288
l 180288
s 288
l 288
l 180288
s 270288
l 90289
l 180289
s 289
l 289
l 180289
s 270289
l 90290
l 180290
s 290
l 290
l 180290
s 270290
l 90291
l 180291
s 291
l 291
l 180291
s 270291
l 90292
l 180292
s 292
l 292
l 180292
s 270292
l 90293
l 180293
s 293
l 293
l 180293
s 270293
l 90294
l 180294
s 294
l 294
l 180294
s 270294
l 90295
l 180295
s 295
l 295
l 180295
s 270295
l 90296
l 180296
s 296
l 296
l 180296
s 270296
l 90297
l 180297
s 297
l 297
l 180297
s 270297
l 90298
l 180298
s 298
l 298
l 180298
s 270298
l 90299
l 180299
s 299
l 299
l 180299
s 270299
h
